Determining if the pthread_create exist failed with the following output:
Change Dir: /home/george/Getting_started_with_ROS_on_Hardware_fast/build/CMakeFiles/CMakeTmp

Run Build Command:"/usr/bin/make" "cmTC_4895a/fast"
/usr/bin/make -f CMakeFiles/cmTC_4895a.dir/build.make CMakeFiles/cmTC_4895a.dir/build
make[1]: Entering directory '/home/george/Getting_started_with_ROS_on_Hardware_fast/build/CMakeFiles/CMakeTmp'
Building C object CMakeFiles/cmTC_4895a.dir/CheckSymbolExists.c.o
/usr/bin/cc    -o CMakeFiles/cmTC_4895a.dir/CheckSymbolExists.c.o   -c /home/george/Getting_started_with_ROS_on_Hardware_fast/build/CMakeFiles/CMakeTmp/CheckSymbolExists.c
Linking C executable cmTC_4895a
/usr/bin/cmake -E cmake_link_script CMakeFiles/cmTC_4895a.dir/link.txt --verbose=1
/usr/bin/cc      -rdynamic CMakeFiles/cmTC_4895a.dir/CheckSymbolExists.c.o  -o cmTC_4895a 
CMakeFiles/cmTC_4895a.dir/CheckSymbolExists.c.o: In function `main':
CheckSymbolExists.c:(.text+0x1b): undefined reference to `pthread_create'
collect2: error: ld returned 1 exit status
CMakeFiles/cmTC_4895a.dir/build.make:97: recipe for target 'cmTC_4895a' failed
make[1]: *** [cmTC_4895a] Error 1
make[1]: Leaving directory '/home/george/Getting_started_with_ROS_on_Hardware_fast/build/CMakeFiles/CMakeTmp'
Makefile:126: recipe for target 'cmTC_4895a/fast' failed
make: *** [cmTC_4895a/fast] Error 2

File /home/george/Getting_started_with_ROS_on_Hardware_fast/build/CMakeFiles/CMakeTmp/CheckSymbolExists.c:
/* */
#include <pthread.h>

int main(int argc, char** argv)
{
  (void)argv;
#ifndef pthread_create
  return ((int*)(&pthread_create))[argc];
#else
  (void)argc;
  return 0;
#endif
}

Determining if the function pthread_create exists in the pthreads failed with the following output:
Change Dir: /home/george/Getting_started_with_ROS_on_Hardware_fast/build/CMakeFiles/CMakeTmp

Run Build Command:"/usr/bin/make" "cmTC_cc68f/fast"
/usr/bin/make -f CMakeFiles/cmTC_cc68f.dir/build.make CMakeFiles/cmTC_cc68f.dir/build
make[1]: Entering directory '/home/george/Getting_started_with_ROS_on_Hardware_fast/build/CMakeFiles/CMakeTmp'
Building C object CMakeFiles/cmTC_cc68f.dir/CheckFunctionExists.c.o
/usr/bin/cc   -DCHECK_FUNCTION_EXISTS=pthread_create   -o CMakeFiles/cmTC_cc68f.dir/CheckFunctionExists.c.o   -c /usr/share/cmake-3.10/Modules/CheckFunctionExists.c
Linking C executable cmTC_cc68f
/usr/bin/cmake -E cmake_link_script CMakeFiles/cmTC_cc68f.dir/link.txt --verbose=1
/usr/bin/cc  -DCHECK_FUNCTION_EXISTS=pthread_create    -rdynamic CMakeFiles/cmTC_cc68f.dir/CheckFunctionExists.c.o  -o cmTC_cc68f -lpthreads 
/usr/bin/ld: cannot find -lpthreads
collect2: error: ld returned 1 exit status
CMakeFiles/cmTC_cc68f.dir/build.make:97: recipe for target 'cmTC_cc68f' failed
make[1]: *** [cmTC_cc68f] Error 1
make[1]: Leaving directory '/home/george/Getting_started_with_ROS_on_Hardware_fast/build/CMakeFiles/CMakeTmp'
Makefile:126: recipe for target 'cmTC_cc68f/fast' failed
make: *** [cmTC_cc68f/fast] Error 2


